<?xml version="1.0" encoding="UTF-8"?>
<!-- Generated by org.testng.reporters.JUnitReportReporter -->
<testsuite hostname="Shamik-ASUS" failures="0" tests="1" name="Test.NewTest" time="1.419" errors="0" timestamp="2022-11-10T14:19:56 IST" skipped="0">
  <testcase classname="Test.NewTest" name="openMyBlog" time="1.419"/>
  <system-out/>
</testsuite> <!-- Test.NewTest -->
