<?xml version="1.0" encoding="UTF-8"?>
<!-- Generated by org.testng.reporters.JUnitReportReporter -->
<testsuite hostname="Shamik-ASUS" failures="0" tests="3" name="Test.RegexTest" time="4.898" errors="0" timestamp="2022-11-10T14:19:56 IST" skipped="0">
  <testcase classname="Test.RegexTest" name="Verifycredentials" time="1.108"/>
  <system-out/>
  <testcase classname="Test.RegexTest" name="Verifycredentials" time="2.679"/>
  <system-out/>
  <testcase classname="Test.RegexTest" name="Verifycredentials" time="1.111"/>
  <system-out/>
</testsuite> <!-- Test.RegexTest -->
