<?xml version="1.0" encoding="UTF-8"?>
<!-- Generated by org.testng.reporters.JUnitReportReporter -->
<testsuite hostname="Shamik-ASUS" failures="0" tests="1" name="Base.SignUp" time="2.814" errors="0" timestamp="9 Nov 2022 20:17:04 GMT">
  <testcase classname="Base.SignUp" name="Signup" time="2.814"/>
</testsuite> <!-- Base.SignUp -->
