<?xml version="1.0" encoding="UTF-8"?>
<!-- Generated by org.testng.reporters.JUnitReportReporter -->
<testsuite hostname="Shamik-ASUS" failures="0" tests="1" name="Test.SearchTestReport" time="1.537" errors="0" timestamp="2022-11-10T14:19:56 IST" skipped="0">
  <testcase classname="Test.SearchTestReport" name="SearchUser" time="1.537"/>
  <system-out/>
</testsuite> <!-- Test.SearchTestReport -->
